============================= test session starts ==============================
platform darwin -- Python 3.8.0, pytest-6.1.2, py-1.9.0, pluggy-0.13.1
rootdir: /Users/meganfrenkel/Workspace/KERMit
plugins: mock-3.3.1
collected 210 items

server/tests/integration/test_authentication.py ........                 [  3%]
server/tests/integration/test_leaderboard.py .......                     [  7%]
server/tests/integration/test_sudoku_endpoints.py .......F.............. [ 17%]
..............                                                           [ 24%]
server/tests/unit/test_authentication.py ..............                  [ 30%]
server/tests/unit/test_google_auth.py ..                                 [ 31%]
server/tests/unit/test_leaderboard.py ..                                 [ 32%]
server/tests/unit/test_player.py .................                       [ 40%]
server/tests/unit/test_puzzle_exception.py .                             [ 41%]
server/tests/unit/test_puzzle_pieces.py ...........                      [ 46%]
server/tests/unit/test_sockets.py .....................                  [ 56%]
server/tests/unit/test_sudoku_puzzle.py ................................ [ 71%]
..............                                                           [ 78%]
server/tests/unit/test_sudoku_puzzle_solution.py ...                     [ 80%]
server/tests/unit/test_sudoku_resources.py ............................. [ 93%]
....                                                                     [ 95%]
server/tests/unit/test_user.py .........                                 [100%]

=================================== FAILURES ===================================
_____________ test_save_new_puzzle_valid_unregistered_participant ______________

test_client = <FlaskClient <Flask 'backend'>>
init_db = <SQLAlchemy engine=postgres://vkxyhzzjvibhhg:***@ec2-34-200-106-49.compute-1.amazonaws.com:5432/dsmbl1k8cfr5h>
verification_true = None

    def test_save_new_puzzle_valid_unregistered_participant(test_client, init_db, verification_true):
        """
        Test the response when a user makes a valid request to create a new sudoku puzzle,
        with an additional specified user that does not exist (isn't registered with
        the application.
        """
        data = dict(difficulty=0.5, size=3, additional_players=['not_registered.com', 'another.com'])
        response = test_client.post('/puzzles',
                                    data=data,
                                    headers={'Authorization': 'Bearer 2342351231asdb'})
        assert response.status_code == 200
>       assert response.json == {
            'message': 'New Sudoku puzzle successfully created',
            'difficulty': 0.5,
            'size': 3,
            'puzzle_id': 4,
            'unregistered_emails': ['another.com', 'not_registered.com']
        }
E       AssertionError: assert {'difficulty'...size': 3, ...} == {'difficulty'...size': 3, ...}
E         Omitting 4 identical items, use -vv to show
E         Differing items:
E         {'unregistered_emails': ['not_registered.com', 'another.com']} != {'unregistered_emails': ['another.com', 'not_registered.com']}
E         Use -v to get the full diff

server/tests/integration/test_sudoku_endpoints.py:121: AssertionError
=============================== warnings summary ===============================
server/venv/lib/python3.8/site-packages/eventlet/patcher.py:1
  /Users/meganfrenkel/Workspace/KERMit/server/venv/lib/python3.8/site-packages/eventlet/patcher.py:1: DeprecationWarning: the imp module is deprecated in favour of importlib; see the module's documentation for alternative uses
    import imp

server/venv/lib/python3.8/site-packages/dns/hash.py:23
  /Users/meganfrenkel/Workspace/KERMit/server/venv/lib/python3.8/site-packages/dns/hash.py:23: DeprecationWarning: dns.hash module will be removed in future versions. Please use hashlib instead.
    warnings.warn(

server/venv/lib/python3.8/site-packages/dns/namedict.py:35
  /Users/meganfrenkel/Workspace/KERMit/server/venv/lib/python3.8/site-packages/dns/namedict.py:35: DeprecationWarning: Using or importing the ABCs from 'collections' instead of from 'collections.abc' is deprecated since Python 3.3, and in 3.9 it will stop working
    class NameDict(collections.MutableMapping):

server/tests/integration/test_authentication.py::test_registration_missing_header
  /Users/meganfrenkel/Workspace/KERMit/server/venv/lib/python3.8/site-packages/sqlalchemy/util/langhelpers.py:254: SADeprecationWarning: The 'postgres' dialect name has been renamed to 'postgresql'
    loader = self.auto_fn(name)

-- Docs: https://docs.pytest.org/en/stable/warnings.html
=========================== short test summary info ============================
FAILED server/tests/integration/test_sudoku_endpoints.py::test_save_new_puzzle_valid_unregistered_participant
============ 1 failed, 209 passed, 4 warnings in 141.98s (0:02:21) =============
